<?xml version='1.0' encoding='UTF-8'?>
<testsuite hostname="DESKTOP-L7SKFQ3" name="recfun.CountChangeSuite" tests="4" errors="0" failures="0" skipped="0" time="0.014" timestamp="2021-12-22T09:09:00">
          <properties>
[...]
</properties>
          <testcase classname="recfun.CountChangeSuite" name="countChange: example given in instructions" time="0.012">
                      
                    </testcase><testcase classname="recfun.CountChangeSuite" name="countChange: sorted CHF" time="0.001">
                      
                    </testcase><testcase classname="recfun.CountChangeSuite" name="countChange: no pennies" time="0.001">
                      
                    </testcase><testcase classname="recfun.CountChangeSuite" name="countChange: unsorted CHF" time="0.0">
                      
                    </testcase>
          <system-out><![CDATA[]]></system-out>
          <system-err><![CDATA[]]></system-err>
        </testsuite>